<html>
<head>
<title>TestNG:  增加首页轮播图测试</title>
<link href="../testng.css" rel="stylesheet" type="text/css" />
<link href="../my-testng.css" rel="stylesheet" type="text/css" />

<style type="text/css">
.log { display: none;} 
.stack-trace { display: none;} 
</style>
<script type="text/javascript">
<!--
function flip(e) {
  current = e.style.display;
  if (current == 'block') {
    e.style.display = 'none';
    return 0;
  }
  else {
    e.style.display = 'block';
    return 1;
  }
}

function toggleBox(szDivId, elem, msg1, msg2)
{
  var res = -1;  if (document.getElementById) {
    res = flip(document.getElementById(szDivId));
  }
  else if (document.all) {
    // this is the way old msie versions work
    res = flip(document.all[szDivId]);
  }
  if(elem) {
    if(res == 0) elem.innerHTML = msg1; else elem.innerHTML = msg2;
  }

}

function toggleAllBoxes() {
  if (document.getElementsByTagName) {
    d = document.getElementsByTagName('div');
    for (i = 0; i < d.length; i++) {
      if (d[i].className == 'log') {
        flip(d[i]);
      }
    }
  }
}

// -->
</script>

</head>
<body>
<h2 align='center'>增加首页轮播图测试</h2><table border='1' align="center">
<tr>
<td>Tests passed/Failed/Skipped:</td><td>2/5/0</td>
</tr><tr>
<td>Started on:</td><td>Mon Aug 20 14:34:01 CST 2018</td>
</tr>
<tr><td>Total time:</td><td>151 seconds (151943 ms)</td>
</tr><tr>
<td>Included groups:</td><td></td>
</tr><tr>
<td>Excluded groups:</td><td></td>
</tr>
</table><p/>
<small><i>(Hover the method name to see the test class name)</i></small><p/>
<table width='100%' border='1' class='invocation-failed'>
<tr><td colspan='4' align='center'><b>FAILED TESTS</b></td></tr>
<tr><td><b>Test method</b></td>
<td width="30%"><b>Exception</b></td>
<td width="10%"><b>Time (seconds)</b></td>
<td><b>Instance</b></td>
</tr>
<tr>
<td title='test.LunBoTest.addJFSC()'><b>addJFSC</b><br>Test class: test.LunBoTest<br/>
<a href="#Output-252480153" onClick='toggleBox("Output-252480153", this, "Show output", "Hide output");'>Show output</a>

<a href="#Output-252480153" onClick="toggleAllBoxes();">Show all outputs</a>
<div class='log' id="Output-252480153">
添加积分商城轮播图脚本开始<br/>
页面强制等待：8000毫秒<br/>
x获取网页元素成功，元素定位：//*[@id="header"]/ul/li[6]<br/>
[[ChromeDriver: chrome on XP (b42eabfcea522209956eafc73745ce7b)] -> xpath: //*[@id="header"]/ul/li[6]]元素被点击<br/>
x获取网页元素成功，元素定位：//*[@id="header"]/ul/li[6]<br/>
[[ChromeDriver: chrome on XP (b42eabfcea522209956eafc73745ce7b)] -> xpath: //*[@id="header"]/ul/li[6]]元素被点击<br/>
点击运营管理<br/>
页面强制等待：2000毫秒<br/>
x获取网页元素成功，元素定位：//*[@id="menu"]/div/ul/li[6]/ul/li[1]<br/>
进入广告管理菜单<br/>
页面强制等待：2000毫秒<br/>
x获取网页元素成功，元素定位：//*[@id="menu"]/div/ul/li[6]/ul/li[3]<br/>
[[ChromeDriver: chrome on XP (b42eabfcea522209956eafc73745ce7b)] -> xpath: //*[@id="menu"]/div/ul/li[6]/ul/li[3]]元素被点击<br/>
页面强制等待：2000毫秒<br/>
x获取网页元素成功，元素定位：//*[@id="tHeader"]<br/>
断言验证：验证积分商城轮播图管理与积分商城轮播图管理相同<br/>
积分商城团购轮播图管理页面<br/>
轮播图位置已满，测试结束<br/>
断言验证：验证5与5不相同<br/>
失败截图addJFSC_0820143521.png已保存<br/>
错误截图链接<p><a href="../screens/2018-08-20/addJFSC_0820143521.png"  target="_blank">点击查看高清大图</a><p><br/>
<p>错误截图预览:<img id="img" src="../screens/2018-08-20/addJFSC_0820143521.png" alt="error shot" width="600" height="300"></p><br/>
</div>
</td>
<td><div><pre>java.lang.AssertionError: 轮播图位置已满，请先删除广告位！
	at common.AssertUtil.assertNotEquals(AssertUtil.java:30)
	at pages.lunbo.SYLBPage.checkPicNum(SYLBPage.java:94)
	at pages.lunbo.JFSCPage.addJFSC(JFSCPage.java:27)
	at test.LunBoTest.addJFSC(LunBoTest.java:80)
... Removed 26 stack frames</pre></div><a href='#' onClick='toggleBox("stack-trace252480153", this, "Click to show all stack frames", "Click to hide stack frames")'>Click to show all stack frames</a>
<div class='stack-trace' id='stack-trace252480153'><pre>java.lang.AssertionError: 轮播图位置已满，请先删除广告位！
	at org.testng.Assert.fail(Assert.java:94)
	at org.testng.Assert.assertNotEquals(Assert.java:758)
	at common.AssertUtil.assertNotEquals(AssertUtil.java:30)
	at pages.lunbo.SYLBPage.checkPicNum(SYLBPage.java:94)
	at pages.lunbo.JFSCPage.addJFSC(JFSCPage.java:27)
	at test.LunBoTest.addJFSC(LunBoTest.java:80)
	at sun.reflect.NativeMethodAccessorImpl.invoke0(Native Method)
	at sun.reflect.NativeMethodAccessorImpl.invoke(NativeMethodAccessorImpl.java:62)
	at sun.reflect.DelegatingMethodAccessorImpl.invoke(DelegatingMethodAccessorImpl.java:43)
	at java.lang.reflect.Method.invoke(Method.java:498)
	at org.testng.internal.MethodInvocationHelper.invokeMethod(MethodInvocationHelper.java:80)
	at org.testng.internal.Invoker.invokeMethod(Invoker.java:714)
	at org.testng.internal.Invoker.invokeTestMethod(Invoker.java:901)
	at org.testng.internal.Invoker.invokeTestMethods(Invoker.java:1231)
	at org.testng.internal.TestMethodWorker.invokeTestMethods(TestMethodWorker.java:127)
	at org.testng.internal.TestMethodWorker.run(TestMethodWorker.java:111)
	at org.testng.TestRunner.privateRun(TestRunner.java:767)
	at org.testng.TestRunner.run(TestRunner.java:617)
	at org.testng.SuiteRunner.runTest(SuiteRunner.java:334)
	at org.testng.SuiteRunner.runSequentially(SuiteRunner.java:329)
	at org.testng.SuiteRunner.privateRun(SuiteRunner.java:291)
	at org.testng.SuiteRunner.run(SuiteRunner.java:240)
	at org.testng.SuiteRunnerWorker.runSuite(SuiteRunnerWorker.java:52)
	at org.testng.SuiteRunnerWorker.run(SuiteRunnerWorker.java:86)
	at org.testng.TestNG.runSuitesSequentially(TestNG.java:1198)
	at org.testng.TestNG.runSuitesLocally(TestNG.java:1123)
	at org.testng.TestNG.run(TestNG.java:1031)
	at org.testng.remote.AbstractRemoteTestNG.run(AbstractRemoteTestNG.java:132)
	at org.testng.remote.RemoteTestNG.initAndRun(RemoteTestNG.java:236)
	at org.testng.remote.RemoteTestNG.main(RemoteTestNG.java:81)
</pre></div></td>
<td>15</td>
<td>test.LunBoTest@59f99ea</td></tr>
<tr>
<td title='test.LunBoTest.addSYLB()'><b>addSYLB</b><br>Test class: test.LunBoTest<br/>
<a href="#Output-1183231938" onClick='toggleBox("Output-1183231938", this, "Show output", "Hide output");'>Show output</a>

<a href="#Output-1183231938" onClick="toggleAllBoxes();">Show all outputs</a>
<div class='log' id="Output-1183231938">
添加首页轮播图脚本开始<br/>
页面强制等待：8000毫秒<br/>
x获取网页元素成功，元素定位：//*[@id="header"]/ul/li[6]<br/>
[[ChromeDriver: chrome on XP (b42eabfcea522209956eafc73745ce7b)] -> xpath: //*[@id="header"]/ul/li[6]]元素被点击<br/>
x获取网页元素成功，元素定位：//*[@id="header"]/ul/li[6]<br/>
[[ChromeDriver: chrome on XP (b42eabfcea522209956eafc73745ce7b)] -> xpath: //*[@id="header"]/ul/li[6]]元素被点击<br/>
点击运营管理<br/>
页面强制等待：2000毫秒<br/>
进入运营管理菜单<br/>
x获取网页元素成功，元素定位：//*[@id="menu"]/div/ul/li[6]/ul/li[1]<br/>
x获取网页元素成功，元素定位：//*[@id="menu"]/div/ul/li[6]/div<br/>
[[ChromeDriver: chrome on XP (b42eabfcea522209956eafc73745ce7b)] -> xpath: //*[@id="menu"]/div/ul/li[6]/div]元素被点击<br/>
进入广告管理菜单<br/>
页面强制等待：2000毫秒<br/>
x获取网页元素成功，元素定位：//*[@id="menu"]/div/ul/li[6]/ul/li[1]<br/>
[[ChromeDriver: chrome on XP (b42eabfcea522209956eafc73745ce7b)] -> xpath: //*[@id="menu"]/div/ul/li[6]/ul/li[1]]元素被点击<br/>
页面强制等待：2000毫秒<br/>
x获取网页元素成功，元素定位：//*[@id="tHeader"]<br/>
断言验证：验证首页轮播图管理与首页轮播图管理相同<br/>
进入首页轮播图管理页面<br/>
轮播图位置已满，测试结束<br/>
断言验证：验证5与5不相同<br/>
失败截图addSYLB_0820143448.png已保存<br/>
错误截图链接<p><a href="../screens/2018-08-20/addSYLB_0820143448.png"  target="_blank">点击查看高清大图</a><p><br/>
<p>错误截图预览:<img id="img" src="../screens/2018-08-20/addSYLB_0820143448.png" alt="error shot" width="600" height="300"></p><br/>
</div>
</td>
<td><div><pre>java.lang.AssertionError: 轮播图位置已满，请先删除广告位！
	at common.AssertUtil.assertNotEquals(AssertUtil.java:30)
	at pages.lunbo.SYLBPage.checkPicNum(SYLBPage.java:94)
	at pages.lunbo.SYLBPage.addSYLB(SYLBPage.java:49)
	at test.LunBoTest.addSYLB(LunBoTest.java:56)
... Removed 26 stack frames</pre></div><a href='#' onClick='toggleBox("stack-trace1183231938", this, "Click to show all stack frames", "Click to hide stack frames")'>Click to show all stack frames</a>
<div class='stack-trace' id='stack-trace1183231938'><pre>java.lang.AssertionError: 轮播图位置已满，请先删除广告位！
	at org.testng.Assert.fail(Assert.java:94)
	at org.testng.Assert.assertNotEquals(Assert.java:758)
	at common.AssertUtil.assertNotEquals(AssertUtil.java:30)
	at pages.lunbo.SYLBPage.checkPicNum(SYLBPage.java:94)
	at pages.lunbo.SYLBPage.addSYLB(SYLBPage.java:49)
	at test.LunBoTest.addSYLB(LunBoTest.java:56)
	at sun.reflect.NativeMethodAccessorImpl.invoke0(Native Method)
	at sun.reflect.NativeMethodAccessorImpl.invoke(NativeMethodAccessorImpl.java:62)
	at sun.reflect.DelegatingMethodAccessorImpl.invoke(DelegatingMethodAccessorImpl.java:43)
	at java.lang.reflect.Method.invoke(Method.java:498)
	at org.testng.internal.MethodInvocationHelper.invokeMethod(MethodInvocationHelper.java:80)
	at org.testng.internal.Invoker.invokeMethod(Invoker.java:714)
	at org.testng.internal.Invoker.invokeTestMethod(Invoker.java:901)
	at org.testng.internal.Invoker.invokeTestMethods(Invoker.java:1231)
	at org.testng.internal.TestMethodWorker.invokeTestMethods(TestMethodWorker.java:127)
	at org.testng.internal.TestMethodWorker.run(TestMethodWorker.java:111)
	at org.testng.TestRunner.privateRun(TestRunner.java:767)
	at org.testng.TestRunner.run(TestRunner.java:617)
	at org.testng.SuiteRunner.runTest(SuiteRunner.java:334)
	at org.testng.SuiteRunner.runSequentially(SuiteRunner.java:329)
	at org.testng.SuiteRunner.privateRun(SuiteRunner.java:291)
	at org.testng.SuiteRunner.run(SuiteRunner.java:240)
	at org.testng.SuiteRunnerWorker.runSuite(SuiteRunnerWorker.java:52)
	at org.testng.SuiteRunnerWorker.run(SuiteRunnerWorker.java:86)
	at org.testng.TestNG.runSuitesSequentially(TestNG.java:1198)
	at org.testng.TestNG.runSuitesLocally(TestNG.java:1123)
	at org.testng.TestNG.run(TestNG.java:1031)
	at org.testng.remote.AbstractRemoteTestNG.run(AbstractRemoteTestNG.java:132)
	at org.testng.remote.RemoteTestNG.initAndRun(RemoteTestNG.java:236)
	at org.testng.remote.RemoteTestNG.main(RemoteTestNG.java:81)
</pre></div></td>
<td>16</td>
<td>test.LunBoTest@59f99ea</td></tr>
<tr>
<td title='test.LunBoTest.addZBRK()'><b>addZBRK</b><br>Test class: test.LunBoTest<br/>
<a href="#Output-651802632" onClick='toggleBox("Output-651802632", this, "Show output", "Hide output");'>Show output</a>

<a href="#Output-651802632" onClick="toggleAllBoxes();">Show all outputs</a>
<div class='log' id="Output-651802632">
编辑纸板团购入口轮播图脚本开始<br/>
页面强制等待：8000毫秒<br/>
x获取网页元素成功，元素定位：//*[@id="header"]/ul/li[6]<br/>
[[ChromeDriver: chrome on XP (b42eabfcea522209956eafc73745ce7b)] -> xpath: //*[@id="header"]/ul/li[6]]元素被点击<br/>
x获取网页元素成功，元素定位：//*[@id="header"]/ul/li[6]<br/>
[[ChromeDriver: chrome on XP (b42eabfcea522209956eafc73745ce7b)] -> xpath: //*[@id="header"]/ul/li[6]]元素被点击<br/>
点击运营管理<br/>
页面强制等待：2000毫秒<br/>
x获取网页元素成功，元素定位：//*[@id="menu"]/div/ul/li[6]/ul/li[1]<br/>
进入广告管理菜单<br/>
页面强制等待：2000毫秒<br/>
x获取网页元素成功，元素定位：//*[@id="menu"]/div/ul/li[1]<br/>
x获取网页元素成功，元素定位：//*[@id="menu"]/div/ul/li[8]/div/span<br/>
页面从[[ChromeDriver: chrome on XP (b42eabfcea522209956eafc73745ce7b)] -> xpath: //*[@id="menu"]/div/ul/li[1]]移动到[[ChromeDriver: chrome on XP (b42eabfcea522209956eafc73745ce7b)] -> xpath: //*[@id="menu"]/div/ul/li[8]/div/span]<br/>
x获取网页元素成功，元素定位：//*[@id="menu"]/div/ul/li[6]/ul/li[4]<br/>
[[ChromeDriver: chrome on XP (b42eabfcea522209956eafc73745ce7b)] -> xpath: //*[@id="menu"]/div/ul/li[6]/ul/li[4]]元素被点击<br/>
页面强制等待：2000毫秒<br/>
x获取网页元素成功，元素定位：//*[@id="home"]/div[2]/div/div/div[2]/div[2]/div[1]/div/div[3]/table/tbody/tr[2]/td[5]/div/button<br/>
x获取网页元素失败，元素定位：//*[@id="home"]/div[2]/div/div/div[2]/div[2]/div[1]/div/div[3]/table/tbody/tr[2]/td[5]/div/button<br/>
断言验证：验证false与true相同<br/>
失败截图addZBRK_0820143538.png已保存<br/>
错误截图链接<p><a href="../screens/2018-08-20/addZBRK_0820143538.png"  target="_blank">点击查看高清大图</a><p><br/>
<p>错误截图预览:<img id="img" src="../screens/2018-08-20/addZBRK_0820143538.png" alt="error shot" width="600" height="300"></p><br/>
</div>
</td>
<td><div><pre>java.lang.AssertionError: 元素定位失败！ expected [true] but found [false]
	at common.AssertUtil.assertEquals(AssertUtil.java:25)
	at pages.BasePage.getElement(BasePage.java:348)
	at pages.lunbo.JFTGRKPage.getEdit(JFTGRKPage.java:45)
	at pages.lunbo.JFTGRKPage.addJFRK(JFTGRKPage.java:30)
	at test.LunBoTest.addZBRK(LunBoTest.java:92)
... Removed 27 stack frames</pre></div><a href='#' onClick='toggleBox("stack-trace651802632", this, "Click to show all stack frames", "Click to hide stack frames")'>Click to show all stack frames</a>
<div class='stack-trace' id='stack-trace651802632'><pre>java.lang.AssertionError: 元素定位失败！ expected [true] but found [false]
	at org.testng.Assert.fail(Assert.java:94)
	at org.testng.Assert.failNotEquals(Assert.java:494)
	at org.testng.Assert.assertEquals(Assert.java:123)
	at common.AssertUtil.assertEquals(AssertUtil.java:25)
	at pages.BasePage.getElement(BasePage.java:348)
	at pages.lunbo.JFTGRKPage.getEdit(JFTGRKPage.java:45)
	at pages.lunbo.JFTGRKPage.addJFRK(JFTGRKPage.java:30)
	at test.LunBoTest.addZBRK(LunBoTest.java:92)
	at sun.reflect.NativeMethodAccessorImpl.invoke0(Native Method)
	at sun.reflect.NativeMethodAccessorImpl.invoke(NativeMethodAccessorImpl.java:62)
	at sun.reflect.DelegatingMethodAccessorImpl.invoke(DelegatingMethodAccessorImpl.java:43)
	at java.lang.reflect.Method.invoke(Method.java:498)
	at org.testng.internal.MethodInvocationHelper.invokeMethod(MethodInvocationHelper.java:80)
	at org.testng.internal.Invoker.invokeMethod(Invoker.java:714)
	at org.testng.internal.Invoker.invokeTestMethod(Invoker.java:901)
	at org.testng.internal.Invoker.invokeTestMethods(Invoker.java:1231)
	at org.testng.internal.TestMethodWorker.invokeTestMethods(TestMethodWorker.java:127)
	at org.testng.internal.TestMethodWorker.run(TestMethodWorker.java:111)
	at org.testng.TestRunner.privateRun(TestRunner.java:767)
	at org.testng.TestRunner.run(TestRunner.java:617)
	at org.testng.SuiteRunner.runTest(SuiteRunner.java:334)
	at org.testng.SuiteRunner.runSequentially(SuiteRunner.java:329)
	at org.testng.SuiteRunner.privateRun(SuiteRunner.java:291)
	at org.testng.SuiteRunner.run(SuiteRunner.java:240)
	at org.testng.SuiteRunnerWorker.runSuite(SuiteRunnerWorker.java:52)
	at org.testng.SuiteRunnerWorker.run(SuiteRunnerWorker.java:86)
	at org.testng.TestNG.runSuitesSequentially(TestNG.java:1198)
	at org.testng.TestNG.runSuitesLocally(TestNG.java:1123)
	at org.testng.TestNG.run(TestNG.java:1031)
	at org.testng.remote.AbstractRemoteTestNG.run(AbstractRemoteTestNG.java:132)
	at org.testng.remote.RemoteTestNG.initAndRun(RemoteTestNG.java:236)
	at org.testng.remote.RemoteTestNG.main(RemoteTestNG.java:81)
</pre></div></td>
<td>16</td>
<td>test.LunBoTest@59f99ea</td></tr>
<tr>
<td title='test.LunBoTest.addZBTG()'><b>addZBTG</b><br>Test class: test.LunBoTest<br/>
<a href="#Output-712974096" onClick='toggleBox("Output-712974096", this, "Show output", "Hide output");'>Show output</a>

<a href="#Output-712974096" onClick="toggleAllBoxes();">Show all outputs</a>
<div class='log' id="Output-712974096">
添加纸板团购轮播图脚本开始<br/>
页面强制等待：8000毫秒<br/>
x获取网页元素成功，元素定位：//*[@id="header"]/ul/li[6]<br/>
[[ChromeDriver: chrome on XP (b42eabfcea522209956eafc73745ce7b)] -> xpath: //*[@id="header"]/ul/li[6]]元素被点击<br/>
x获取网页元素成功，元素定位：//*[@id="header"]/ul/li[6]<br/>
[[ChromeDriver: chrome on XP (b42eabfcea522209956eafc73745ce7b)] -> xpath: //*[@id="header"]/ul/li[6]]元素被点击<br/>
点击运营管理<br/>
页面强制等待：2000毫秒<br/>
x获取网页元素成功，元素定位：//*[@id="menu"]/div/ul/li[6]/ul/li[1]<br/>
进入广告管理菜单<br/>
页面强制等待：2000毫秒<br/>
x获取网页元素成功，元素定位：//*[@id="menu"]/div/ul/li[6]/ul/li[2]<br/>
[[ChromeDriver: chrome on XP (b42eabfcea522209956eafc73745ce7b)] -> xpath: //*[@id="menu"]/div/ul/li[6]/ul/li[2]]元素被点击<br/>
页面强制等待：2000毫秒<br/>
x获取网页元素成功，元素定位：//*[@id="tHeader"]<br/>
断言验证：验证纸板团购轮播图管理与纸板团购轮播图管理相同<br/>
进入纸板团购轮播图管理页面<br/>
轮播图位置已满，测试结束<br/>
断言验证：验证5与5不相同<br/>
失败截图addZBTG_0820143505.png已保存<br/>
错误截图链接<p><a href="../screens/2018-08-20/addZBTG_0820143505.png"  target="_blank">点击查看高清大图</a><p><br/>
<p>错误截图预览:<img id="img" src="../screens/2018-08-20/addZBTG_0820143505.png" alt="error shot" width="600" height="300"></p><br/>
</div>
</td>
<td><div><pre>java.lang.AssertionError: 轮播图位置已满，请先删除广告位！
	at common.AssertUtil.assertNotEquals(AssertUtil.java:30)
	at pages.lunbo.SYLBPage.checkPicNum(SYLBPage.java:94)
	at pages.lunbo.ZBTGPage.addZBTG(ZBTGPage.java:31)
	at test.LunBoTest.addZBTG(LunBoTest.java:68)
... Removed 26 stack frames</pre></div><a href='#' onClick='toggleBox("stack-trace712974096", this, "Click to show all stack frames", "Click to hide stack frames")'>Click to show all stack frames</a>
<div class='stack-trace' id='stack-trace712974096'><pre>java.lang.AssertionError: 轮播图位置已满，请先删除广告位！
	at org.testng.Assert.fail(Assert.java:94)
	at org.testng.Assert.assertNotEquals(Assert.java:758)
	at common.AssertUtil.assertNotEquals(AssertUtil.java:30)
	at pages.lunbo.SYLBPage.checkPicNum(SYLBPage.java:94)
	at pages.lunbo.ZBTGPage.addZBTG(ZBTGPage.java:31)
	at test.LunBoTest.addZBTG(LunBoTest.java:68)
	at sun.reflect.NativeMethodAccessorImpl.invoke0(Native Method)
	at sun.reflect.NativeMethodAccessorImpl.invoke(NativeMethodAccessorImpl.java:62)
	at sun.reflect.DelegatingMethodAccessorImpl.invoke(DelegatingMethodAccessorImpl.java:43)
	at java.lang.reflect.Method.invoke(Method.java:498)
	at org.testng.internal.MethodInvocationHelper.invokeMethod(MethodInvocationHelper.java:80)
	at org.testng.internal.Invoker.invokeMethod(Invoker.java:714)
	at org.testng.internal.Invoker.invokeTestMethod(Invoker.java:901)
	at org.testng.internal.Invoker.invokeTestMethods(Invoker.java:1231)
	at org.testng.internal.TestMethodWorker.invokeTestMethods(TestMethodWorker.java:127)
	at org.testng.internal.TestMethodWorker.run(TestMethodWorker.java:111)
	at org.testng.TestRunner.privateRun(TestRunner.java:767)
	at org.testng.TestRunner.run(TestRunner.java:617)
	at org.testng.SuiteRunner.runTest(SuiteRunner.java:334)
	at org.testng.SuiteRunner.runSequentially(SuiteRunner.java:329)
	at org.testng.SuiteRunner.privateRun(SuiteRunner.java:291)
	at org.testng.SuiteRunner.run(SuiteRunner.java:240)
	at org.testng.SuiteRunnerWorker.runSuite(SuiteRunnerWorker.java:52)
	at org.testng.SuiteRunnerWorker.run(SuiteRunnerWorker.java:86)
	at org.testng.TestNG.runSuitesSequentially(TestNG.java:1198)
	at org.testng.TestNG.runSuitesLocally(TestNG.java:1123)
	at org.testng.TestNG.run(TestNG.java:1031)
	at org.testng.remote.AbstractRemoteTestNG.run(AbstractRemoteTestNG.java:132)
	at org.testng.remote.RemoteTestNG.initAndRun(RemoteTestNG.java:236)
	at org.testng.remote.RemoteTestNG.main(RemoteTestNG.java:81)
</pre></div></td>
<td>15</td>
<td>test.LunBoTest@59f99ea</td></tr>
<tr>
<td title='test.TGTest.tuangou_xiadan()'><b>tuangou_xiadan</b><br>Test class: test.TGTest<br/>
<a href="#Output-990897274" onClick='toggleBox("Output-990897274", this, "Show output", "Hide output");'>Show output</a>

<a href="#Output-990897274" onClick="toggleAllBoxes();">Show all outputs</a>
<div class='log' id="Output-990897274">
团购下单脚本开始<br/>
x获取网页元素成功，元素定位：/html/body/div[1]/div[1]/div/div[2]/div[2]/div[2]/div[1]/span[2]<br/>
[[ChromeDriver: chrome on XP (b42eabfcea522209956eafc73745ce7b)] -> xpath: /html/body/div[1]/div[1]/div/div[2]/div[2]/div[2]/div[1]/span[2]]元素被点击<br/>
确认脚本运行当前路径与期盼路径http://192.168.10.202/personalCenter.html一致<br/>
当前页面url是：http://192.168.10.202/personalCenter.html<br/>
断言验证：验证http://192.168.10.202/personalCenter.html与http://192.168.10.202/personalCenter.html相同<br/>
进入我的中心页面<br/>
x获取网页元素成功，元素定位：/html/body/div[2]/div/div[1]/ul/li[1]/ul/li[1]/a<br/>
[[ChromeDriver: chrome on XP (b42eabfcea522209956eafc73745ce7b)] -> xpath: /html/body/div[2]/div/div[1]/ul/li[1]/ul/li[1]/a]元素被点击<br/>
确认脚本运行当前路径与期盼路径http://192.168.10.202/personalCenter.html#!paperboardOrder一致<br/>
当前页面url是：http://192.168.10.202/personalCenter.html#!paperboardOrder<br/>
断言验证：验证http://192.168.10.202/personalCenter.html#!paperboardOrder与http://192.168.10.202/personalCenter.html#!paperboardOrder相同<br/>
进入纸板团购订单页面<br/>
页面强制等待：2000毫秒<br/>
进入纸板团购全部订单页面<br/>
页面强制等待：2000毫秒<br/>
x获取网页元素成功，元素定位：/html/body/div[2]/div[5]/div[1]/div/div[2]/ul[2]/li[6]/a[2]<br/>
[[ChromeDriver: chrome on XP (b42eabfcea522209956eafc73745ce7b)] -> xpath: /html/body/div[2]/div[5]/div[1]/div/div[2]/ul[2]/li[6]/a[2]]元素被点击<br/>
页面强制等待：2000毫秒<br/>
页面强制等待：2000毫秒<br/>
进入订单详情页面<br/>
失败截图tuangou_xiadan_0820143632.png已保存<br/>
错误截图链接<p><a href="../screens/2018-08-20/tuangou_xiadan_0820143632.png"  target="_blank">点击查看高清大图</a><p><br/>
<p>错误截图预览:<img id="img" src="../screens/2018-08-20/tuangou_xiadan_0820143632.png" alt="error shot" width="600" height="300"></p><br/>
</div>
</td>
<td><div><pre>org.openqa.selenium.NoSuchFrameException: no such frame
  (Session info: chrome=68.0.3440.106)
  (Driver info: chromedriver=2.38.552522 (437e6fbedfa8762dec75e2c5b3ddb86763dc9dcb),platform=Windows NT 10.0.16299 x86_64) (WARNING: The server did not provide any stacktrace information)
Command duration or timeout: 13 milliseconds
Build info: version: &apos;2.53.0&apos;, revision: &apos;35ae25b1534ae328c771e0856c93e187490ca824&apos;, time: &apos;2016-03-15 10:43:46&apos;
System info: host: &apos;DESKTOP5C&apos;, ip: &apos;172.16.0.16&apos;, os.name: &apos;Windows 10&apos;, os.arch: &apos;amd64&apos;, os.version: &apos;10.0&apos;, java.version: &apos;1.8.0_112&apos;
Driver info: org.openqa.selenium.chrome.ChromeDriver
Capabilities [{applicationCacheEnabled=false, rotatable=false, mobileEmulationEnabled=false, networkConnectionEnabled=false, chrome={chromedriverVersion=2.38.552522 (437e6fbedfa8762dec75e2c5b3ddb86763dc9dcb), userDataDir=C:\Users\admin\AppData\Local\Temp\scoped_dir13888_24649}, takesHeapSnapshot=true, pageLoadStrategy=normal, databaseEnabled=false, handlesAlerts=true, hasTouchScreen=false, version=68.0.3440.106, platform=XP, browserConnectionEnabled=false, nativeEvents=true, acceptSslCerts=false, acceptInsecureCerts=false, locationContextEnabled=true, webStorageEnabled=true, browserName=chrome, takesScreenshot=true, javascriptEnabled=true, cssSelectorsEnabled=true, setWindowRect=true, unexpectedAlertBehaviour=}]
Session ID: b42eabfcea522209956eafc73745ce7b
	at org.openqa.selenium.remote.ErrorHandler.createThrowable(ErrorHandler.java:206)
	at org.openqa.selenium.remote.ErrorHandler.throwIfResponseFailed(ErrorHandler.java:158)
	at org.openqa.selenium.remote.RemoteWebDriver.execute(RemoteWebDriver.java:678)
	at org.openqa.selenium.remote.RemoteWebDriver$RemoteTargetLocator.frame(RemoteWebDriver.java:984)
	at pages.tuangou.TGHomePage.dd_again(TGHomePage.java:83)
	at test.TGTest.tuangou_xiadan(TGTest.java:41)
... Removed 28 stack frames</pre></div><a href='#' onClick='toggleBox("stack-trace990897274", this, "Click to show all stack frames", "Click to hide stack frames")'>Click to show all stack frames</a>
<div class='stack-trace' id='stack-trace990897274'><pre>org.openqa.selenium.NoSuchFrameException: no such frame
  (Session info: chrome=68.0.3440.106)
  (Driver info: chromedriver=2.38.552522 (437e6fbedfa8762dec75e2c5b3ddb86763dc9dcb),platform=Windows NT 10.0.16299 x86_64) (WARNING: The server did not provide any stacktrace information)
Command duration or timeout: 13 milliseconds
Build info: version: &apos;2.53.0&apos;, revision: &apos;35ae25b1534ae328c771e0856c93e187490ca824&apos;, time: &apos;2016-03-15 10:43:46&apos;
System info: host: &apos;DESKTOP5C&apos;, ip: &apos;172.16.0.16&apos;, os.name: &apos;Windows 10&apos;, os.arch: &apos;amd64&apos;, os.version: &apos;10.0&apos;, java.version: &apos;1.8.0_112&apos;
Driver info: org.openqa.selenium.chrome.ChromeDriver
Capabilities [{applicationCacheEnabled=false, rotatable=false, mobileEmulationEnabled=false, networkConnectionEnabled=false, chrome={chromedriverVersion=2.38.552522 (437e6fbedfa8762dec75e2c5b3ddb86763dc9dcb), userDataDir=C:\Users\admin\AppData\Local\Temp\scoped_dir13888_24649}, takesHeapSnapshot=true, pageLoadStrategy=normal, databaseEnabled=false, handlesAlerts=true, hasTouchScreen=false, version=68.0.3440.106, platform=XP, browserConnectionEnabled=false, nativeEvents=true, acceptSslCerts=false, acceptInsecureCerts=false, locationContextEnabled=true, webStorageEnabled=true, browserName=chrome, takesScreenshot=true, javascriptEnabled=true, cssSelectorsEnabled=true, setWindowRect=true, unexpectedAlertBehaviour=}]
Session ID: b42eabfcea522209956eafc73745ce7b
	at sun.reflect.NativeConstructorAccessorImpl.newInstance0(Native Method)
	at sun.reflect.NativeConstructorAccessorImpl.newInstance(NativeConstructorAccessorImpl.java:62)
	at sun.reflect.DelegatingConstructorAccessorImpl.newInstance(DelegatingConstructorAccessorImpl.java:45)
	at java.lang.reflect.Constructor.newInstance(Constructor.java:423)
	at org.openqa.selenium.remote.ErrorHandler.createThrowable(ErrorHandler.java:206)
	at org.openqa.selenium.remote.ErrorHandler.throwIfResponseFailed(ErrorHandler.java:158)
	at org.openqa.selenium.remote.RemoteWebDriver.execute(RemoteWebDriver.java:678)
	at org.openqa.selenium.remote.RemoteWebDriver$RemoteTargetLocator.frame(RemoteWebDriver.java:984)
	at pages.tuangou.TGHomePage.dd_again(TGHomePage.java:83)
	at test.TGTest.tuangou_xiadan(TGTest.java:41)
	at sun.reflect.NativeMethodAccessorImpl.invoke0(Native Method)
	at sun.reflect.NativeMethodAccessorImpl.invoke(NativeMethodAccessorImpl.java:62)
	at sun.reflect.DelegatingMethodAccessorImpl.invoke(DelegatingMethodAccessorImpl.java:43)
	at java.lang.reflect.Method.invoke(Method.java:498)
	at org.testng.internal.MethodInvocationHelper.invokeMethod(MethodInvocationHelper.java:80)
	at org.testng.internal.Invoker.invokeMethod(Invoker.java:714)
	at org.testng.internal.Invoker.invokeTestMethod(Invoker.java:901)
	at org.testng.internal.Invoker.invokeTestMethods(Invoker.java:1231)
	at org.testng.internal.TestMethodWorker.invokeTestMethods(TestMethodWorker.java:127)
	at org.testng.internal.TestMethodWorker.run(TestMethodWorker.java:111)
	at org.testng.TestRunner.privateRun(TestRunner.java:767)
	at org.testng.TestRunner.run(TestRunner.java:617)
	at org.testng.SuiteRunner.runTest(SuiteRunner.java:334)
	at org.testng.SuiteRunner.runSequentially(SuiteRunner.java:329)
	at org.testng.SuiteRunner.privateRun(SuiteRunner.java:291)
	at org.testng.SuiteRunner.run(SuiteRunner.java:240)
	at org.testng.SuiteRunnerWorker.runSuite(SuiteRunnerWorker.java:52)
	at org.testng.SuiteRunnerWorker.run(SuiteRunnerWorker.java:86)
	at org.testng.TestNG.runSuitesSequentially(TestNG.java:1198)
	at org.testng.TestNG.runSuitesLocally(TestNG.java:1123)
	at org.testng.TestNG.run(TestNG.java:1031)
	at org.testng.remote.AbstractRemoteTestNG.run(AbstractRemoteTestNG.java:132)
	at org.testng.remote.RemoteTestNG.initAndRun(RemoteTestNG.java:236)
	at org.testng.remote.RemoteTestNG.main(RemoteTestNG.java:81)
</pre></div></td>
<td>9</td>
<td>test.TGTest@6a41eaa2</td></tr>
</table><p>
<table width='100%' border='1' class='invocation-passed'>
<tr><td colspan='4' align='center'><b>PASSED TESTS</b></td></tr>
<tr><td><b>Test method</b></td>
<td width="30%"><b>Exception</b></td>
<td width="10%"><b>Time (seconds)</b></td>
<td><b>Instance</b></td>
</tr>
<tr>
<td title='test.LunBoTest.addApp()'><b>addApp</b><br>Test class: test.LunBoTest<br/>
<a href="#Output-658532887" onClick='toggleBox("Output-658532887", this, "Show output", "Hide output");'>Show output</a>

<a href="#Output-658532887" onClick="toggleAllBoxes();">Show all outputs</a>
<div class='log' id="Output-658532887">
页面强制等待：8000毫秒<br/>
x获取网页元素成功，元素定位：//*[@id="header"]/ul/li[6]<br/>
[[ChromeDriver: chrome on XP (b42eabfcea522209956eafc73745ce7b)] -> xpath: //*[@id="header"]/ul/li[6]]元素被点击<br/>
x获取网页元素成功，元素定位：//*[@id="header"]/ul/li[6]<br/>
[[ChromeDriver: chrome on XP (b42eabfcea522209956eafc73745ce7b)] -> xpath: //*[@id="header"]/ul/li[6]]元素被点击<br/>
点击运营管理<br/>
页面强制等待：2000毫秒<br/>
x获取网页元素成功，元素定位：//*[@id="menu"]/div/ul/li[6]/ul/li[1]<br/>
进入广告管理菜单<br/>
开始编辑app启动页<br/>
页面强制等待：2000毫秒<br/>
x获取网页元素成功，元素定位：//*[@id="menu"]/div/ul/li[1]<br/>
x获取网页元素成功，元素定位：//*[@id="menu"]/div/ul/li[8]/div/span<br/>
页面从[[ChromeDriver: chrome on XP (b42eabfcea522209956eafc73745ce7b)] -> xpath: //*[@id="menu"]/div/ul/li[1]]移动到[[ChromeDriver: chrome on XP (b42eabfcea522209956eafc73745ce7b)] -> xpath: //*[@id="menu"]/div/ul/li[8]/div/span]<br/>
x获取网页元素成功，元素定位：//*[@id="menu"]/div/ul/li[6]/ul/li[6]<br/>
[[ChromeDriver: chrome on XP (b42eabfcea522209956eafc73745ce7b)] -> xpath: //*[@id="menu"]/div/ul/li[6]/ul/li[6]]元素被点击<br/>
页面强制等待：2000毫秒<br/>
下移屏幕<br/>
x获取网页元素成功，元素定位：//*[@id="home"]/div[2]/div/div/div[2]/div[3]/div[1]/div/div/input<br/>
图片添加成功<br/>
x获取网页元素成功，元素定位：//*[@id="home"]/div[2]/div/div/div[2]/div[3]/div[3]/button<br/>
[[ChromeDriver: chrome on XP (b42eabfcea522209956eafc73745ce7b)] -> xpath: //*[@id="home"]/div[2]/div/div/div[2]/div[3]/div[3]/button]元素被点击<br/>
</div>
</td>
<td></td>
<td>16</td>
<td>test.LunBoTest@59f99ea</td></tr>
<tr>
<td title='test.LunBoTest.addJFRK()'><b>addJFRK</b><br>Test class: test.LunBoTest<br/>
<a href="#Output-402009651" onClick='toggleBox("Output-402009651", this, "Show output", "Hide output");'>Show output</a>

<a href="#Output-402009651" onClick="toggleAllBoxes();">Show all outputs</a>
<div class='log' id="Output-402009651">
页面强制等待：8000毫秒<br/>
x获取网页元素成功，元素定位：//*[@id="header"]/ul/li[6]<br/>
[[ChromeDriver: chrome on XP (b42eabfcea522209956eafc73745ce7b)] -> xpath: //*[@id="header"]/ul/li[6]]元素被点击<br/>
x获取网页元素成功，元素定位：//*[@id="header"]/ul/li[6]<br/>
[[ChromeDriver: chrome on XP (b42eabfcea522209956eafc73745ce7b)] -> xpath: //*[@id="header"]/ul/li[6]]元素被点击<br/>
点击运营管理<br/>
页面强制等待：2000毫秒<br/>
x获取网页元素成功，元素定位：//*[@id="menu"]/div/ul/li[6]/ul/li[1]<br/>
进入广告管理菜单<br/>
页面强制等待：2000毫秒<br/>
x获取网页元素成功，元素定位：//*[@id="menu"]/div/ul/li[1]<br/>
x获取网页元素成功，元素定位：//*[@id="menu"]/div/ul/li[8]/div/span<br/>
页面从[[ChromeDriver: chrome on XP (b42eabfcea522209956eafc73745ce7b)] -> xpath: //*[@id="menu"]/div/ul/li[1]]移动到[[ChromeDriver: chrome on XP (b42eabfcea522209956eafc73745ce7b)] -> xpath: //*[@id="menu"]/div/ul/li[8]/div/span]<br/>
x获取网页元素成功，元素定位：//*[@id="menu"]/div/ul/li[6]/ul/li[4]<br/>
[[ChromeDriver: chrome on XP (b42eabfcea522209956eafc73745ce7b)] -> xpath: //*[@id="menu"]/div/ul/li[6]/ul/li[4]]元素被点击<br/>
页面强制等待：2000毫秒<br/>
x获取网页元素成功，元素定位：//*[@id="home"]/div[2]/div/div/div[2]/div[2]/div[1]/div/div[3]/table/tbody/tr[2]/td[5]/div/button<br/>
[[ChromeDriver: chrome on XP (b42eabfcea522209956eafc73745ce7b)] -> xpath: //*[@id="home"]/div[2]/div/div/div[2]/div[2]/div[1]/div/div[3]/table/tbody/tr[2]/td[5]/div/button]元素被点击<br/>
点击第二行编辑按钮<br/>
x获取网页元素成功，元素定位：//*[@id="home"]/div[2]/div/div/div[2]/div[2]/div[2]/div[1]/div/div[1]/span<br/>
断言验证：验证编辑图片与编辑图片相同<br/>
打开编辑窗口，测试标题与需求一致<br/>
x获取网页元素成功，元素定位：//*[@id="home"]/div[2]/div/div/div[2]/div[2]/div[2]/div[1]/div/div[2]/div[1]/div/div/input<br/>
图片添加成功<br/>
x获取网页元素成功，元素定位：//*[@id="home"]/div[2]/div/div/div[2]/div[2]/div[2]/div[1]/div/div[2]/div[5]/button[2]<br/>
[[ChromeDriver: chrome on XP (b42eabfcea522209956eafc73745ce7b)] -> xpath: //*[@id="home"]/div[2]/div/div/div[2]/div[2]/div[2]/div[1]/div/div[2]/div[5]/button[2]]元素被点击<br/>
图片编辑成功<br/>
</div>
</td>
<td></td>
<td>17</td>
<td>test.LunBoTest@59f99ea</td></tr>
</table><p>
</body>
</html>